<?xml version="1.0" encoding="UTF-8"?>
<!-- Generated by org.testng.reporters.JUnitReportReporter -->
<testsuite hostname="DESKTOP-D545UG9" failures="0" tests="1" name="Com.Susedemo.TestModel.Tc02logoutfunctionality" time="28.485" errors="0" timestamp="2022-05-30T10:12:35 IST" skipped="0">
  <testcase classname="Com.Susedemo.TestModel.Tc02logoutfunctionality" name="logoutfunctionality" time="28.485"/>
  <system-out/>
</testsuite> <!-- Com.Susedemo.TestModel.Tc02logoutfunctionality -->
